****** Printing frame context ********


name: "1005081002024129653_5313_150_5333_150"
camera_calibrations {
  name: FRONT
  intrinsic: 2083.091212133254
  intrinsic: 2083.091212133254
  intrinsic: 957.2938286685071
  intrinsic: 650.5697927719348
  intrinsic: 0.04067236637270731
  intrinsic: -0.3374271466716414
  intrinsic: 0.0016273829099200004
  intrinsic: -0.0007879327563938157
  intrinsic: 0.0
  extrinsic {
    transform: 0.9999151800844592
    transform: -0.008280529275085654
    transform: -0.010053132426658727
    transform: 1.5444145042510942
    transform: 0.008380895965622895
    transform: 0.9999150476776223
    transform: 0.009982885888937929
    transform: -0.022877347388980857
    transform: 0.009969614810858722
    transform: -0.010066293398396434
    transform: 0.9998996332221252
    transform: 2.115953541712884
    transform: 0.0
    transform: 0.0
    transform: 0.0
    transform: 1.0
  }
  width: 1920
  height: 1280
  rolling_shutter_direction: RIGHT_TO_LEFT
}
camera_calibrations {
  name: FRONT_LEFT
  intrinsic: 2083.7318205002007
  intrinsic: 2083.7318205002007
  intrinsic: 970.3176094982554
  intrinsic: 632.5251399459935
  intrinsic: 0.0455796545917619
  intrinsic: -0.35403417476148374
  intrinsic: 0.0006196783672492779
  intrinsic: 0.0014815820487813483
  intrinsic: 0.0
  extrinsic {
    transform: 0.6999081394293895
    transform: -0.7142196095619765
    transform: -0.004352663279896696
    transform: 1.4966436414481195
    transform: 0.7140873020002204
    transform: 0.6998755279288658
    transform: -0.015923898025841435
    transform: 0.09550840486978261
    transform: 0.014419482741635486
    transform: 0.008037084261673145
    transform: 0.9998637326126167
    transform: 2.116104849961399
    transform: 0.0
    transform: 0.0
    transform: 0.0
    transform: 1.0
  }
  width: 1920
  height: 1280
  rolling_shutter_direction: RIGHT_TO_LEFT
}
camera_calibrations {
  name: FRONT_RIGHT
  intrinsic: 2082.2327597604753
  intrinsic: 2082.2327597604753
  intrinsic: 955.4046240156483
  intrinsic: 653.698903155303
  intrinsic: 0.044328526985070366
  intrinsic: -0.3399662257128328
  intrinsic: 0.0016037200659441385
  intrinsic: -0.0014698906603900644
  intrinsic: 0.0
  extrinsic {
    transform: 0.7110613631684687
    transform: 0.7029191382059731
    transform: -0.01721693796152869
    transform: 1.494885147853866
    transform: -0.7030535398885329
    transform: 0.7111319055643803
    transform: -0.0026707561806083883
    transform: -0.09636892278268996
    transform: 0.010366188267734094
    transform: 0.014003500710368023
    transform: 0.9998482105343054
    transform: 2.115619227448896
    transform: 0.0
    transform: 0.0
    transform: 0.0
    transform: 1.0
  }
  width: 1920
  height: 1280
  rolling_shutter_direction: RIGHT_TO_LEFT
}
camera_calibrations {
  name: SIDE_LEFT
  intrinsic: 2076.1811337146355
  intrinsic: 2076.1811337146355
  intrinsic: 990.0281697291939
  intrinsic: 241.46281117992226
  intrinsic: 0.04928692476207616
  intrinsic: -0.34392914437617744
  intrinsic: 0.0023430477974171115
  intrinsic: 0.0007565136814982747
  intrinsic: 0.0
  extrinsic {
    transform: 0.0007773674626140717
    transform: -0.9999544925788731
    transform: 0.009508336929044875
    transform: 1.4319986098354978
    transform: 0.9999953948876524
    transform: 0.000749435473798957
    transform: -0.002940841709227941
    transform: 0.11595612014948509
    transform: 0.0029335819941143535
    transform: 0.009510579256742532
    transform: 0.9999504702628451
    transform: 2.115959785688142
    transform: 0.0
    transform: 0.0
    transform: 0.0
    transform: 1.0
  }
  width: 1920
  height: 886
  rolling_shutter_direction: RIGHT_TO_LEFT
}
camera_calibrations {
  name: SIDE_RIGHT
  intrinsic: 2074.8857573225537
  intrinsic: 2074.8857573225537
  intrinsic: 1003.9971325425103
  intrinsic: 238.44709517989804
  intrinsic: 0.04289697738220451
  intrinsic: -0.33138635154302365
  intrinsic: 0.0012455007322764611
  intrinsic: -8.338132004573235e-05
  intrinsic: 0.0
  extrinsic {
    transform: 0.006786477634291073
    transform: 0.9999769404419077
    transform: 0.00024961121890264114
    transform: 1.4298762217224124
    transform: -0.9999673412652808
    transform: 0.006787507568524859
    transform: -0.004387042722913697
    transform: -0.11562741288756147
    transform: -0.004388635797684665
    transform: -0.0002198304995963268
    transform: 0.9999903457285908
    transform: 2.1153736707023656
    transform: 0.0
    transform: 0.0
    transform: 0.0
    transform: 1.0
  }
  width: 1920
  height: 886
  rolling_shutter_direction: RIGHT_TO_LEFT
}
laser_calibrations {
  name: FRONT
  beam_inclination_min: -1.5707963267948966
  beam_inclination_max: 0.5235987755982988
  extrinsic {
    transform: 0.9998668699072513
    transform: 0.01068194351437736
    transform: 0.01233444545294474
    transform: 4.07
    transform: -0.010715722036114829
    transform: 0.9999390050606141
    transform: 0.0026757166580387804
    transform: 0.0
    transform: -0.012305111259990328
    transform: -0.002807532928575302
    transform: 0.9999203478256327
    transform: 0.691
    transform: 0.0
    transform: 0.0
    transform: 0.0
    transform: 1.0
  }
}
laser_calibrations {
  name: REAR
  beam_inclination_min: -1.5707963267948966
  beam_inclination_max: 0.5235987755982988
  extrinsic {
    transform: -0.9999954615415251
    transform: -0.002970629151337338
    transform: -0.0005022537181981321
    transform: -1.154
    transform: 0.0029694627223425013
    transform: -0.9999929290711635
    transform: 0.0023074008788306396
    transform: 0.0
    transform: -0.0005091045991123086
    transform: 0.0023058989830942187
    transform: 0.9999972118173064
    transform: 0.466
    transform: 0.0
    transform: 0.0
    transform: 0.0
    transform: 1.0
  }
}
laser_calibrations {
  name: SIDE_LEFT
  beam_inclination_min: -1.5707963267948966
  beam_inclination_max: 0.5235987755982988
  extrinsic {
    transform: 0.026782591901166743
    transform: -0.9995910662234105
    transform: 0.010019635592216343
    transform: 3.245
    transform: 0.9996217498118772
    transform: 0.02684338092960774
    transform: 0.00598249139645594
    transform: 1.025
    transform: -0.006249005848633493
    transform: 0.009855619037545145
    transform: 0.9999319060312509
    transform: 0.981
    transform: 0.0
    transform: 0.0
    transform: 0.0
    transform: 1.0
  }
}
laser_calibrations {
  name: SIDE_RIGHT
  beam_inclination_min: -1.5707963267948966
  beam_inclination_max: 0.5235987755982988
  extrinsic {
    transform: -0.007856674144848988
    transform: 0.9999500763836013
    transform: 0.006173930013477093
    transform: 3.245
    transform: -0.9996985303445468
    transform: -0.007710771425717948
    transform: -0.023310779287134407
    transform: -1.025
    transform: -0.023262009765599025
    transform: -0.006355213957844648
    transform: 0.999709202797101
    transform: 0.981
    transform: 0.0
    transform: 0.0
    transform: 0.0
    transform: 1.0
  }
}
laser_calibrations {
  name: TOP
  beam_inclinations: -0.3068221643606317
  beam_inclinations: -0.29616997127840206
  beam_inclinations: -0.2853962204525353
  beam_inclinations: -0.2746601303299283
  beam_inclinations: -0.2644333813317894
  beam_inclinations: -0.2547203518161254
  beam_inclinations: -0.2451132959715716
  beam_inclinations: -0.23558114040681422
  beam_inclinations: -0.22619708514421144
  beam_inclinations: -0.21731641865081186
  beam_inclinations: -0.20758272607836958
  beam_inclinations: -0.19887296032455892
  beam_inclinations: -0.19035328460083245
  beam_inclinations: -0.18198429312782394
  beam_inclinations: -0.1736864756471841
  beam_inclinations: -0.16585362025780892
  beam_inclinations: -0.15781802751504315
  beam_inclinations: -0.15015955231667588
  beam_inclinations: -0.14255145051670604
  beam_inclinations: -0.135341813293673
  beam_inclinations: -0.12822897363273378
  beam_inclinations: -0.12122709544366828
  beam_inclinations: -0.11464284303455963
  beam_inclinations: -0.10786407088929861
  beam_inclinations: -0.10122563229416759
  beam_inclinations: -0.0949103749691842
  beam_inclinations: -0.08921964911100977
  beam_inclinations: -0.08333436696230079
  beam_inclinations: -0.0779083231387212
  beam_inclinations: -0.0725217846742372
  beam_inclinations: -0.06735713829370016
  beam_inclinations: -0.06240423882729429
  beam_inclinations: -0.057603335746683415
  beam_inclinations: -0.052982910920792214
  beam_inclinations: -0.048682467189922196
  beam_inclinations: -0.044331819106485204
  beam_inclinations: -0.040285724475958684
  beam_inclinations: -0.036195266813787486
  beam_inclinations: -0.03242534844151601
  beam_inclinations: -0.028847612027413705
  beam_inclinations: -0.025949854706149633
  beam_inclinations: -0.022544743478313256
  beam_inclinations: -0.019545621162384785
  beam_inclinations: -0.01633934133029724
  beam_inclinations: -0.013559296624130246
  beam_inclinations: -0.010780719883858314
  beam_inclinations: -0.008031332258054524
  beam_inclinations: -0.005073299090986749
  beam_inclinations: -0.001984334363384077
  beam_inclinations: 0.0007478706918118139
  beam_inclinations: 0.003908920510252933
  beam_inclinations: 0.006693257908674477
  beam_inclinations: 0.009380296925375564
  beam_inclinations: 0.012285848006322597
  beam_inclinations: 0.015325464639903252
  beam_inclinations: 0.01826429352258585
  beam_inclinations: 0.021376977526962104
  beam_inclinations: 0.02423980582923657
  beam_inclinations: 0.026783223797488986
  beam_inclinations: 0.029773578747043672
  beam_inclinations: 0.03278254592456431
  beam_inclinations: 0.035864543330808685
  beam_inclinations: 0.038801578650298874
  beam_inclinations: 0.04173696755489331
  beam_inclination_min: -0.3121482609017465
  beam_inclination_max: 0.04320466200719053
  extrinsic {
    transform: -0.8526719509207284
    transform: -0.5224378704141576
    transform: -0.0030357322277815815
    transform: 1.43
    transform: 0.5224451202853144
    transform: -0.8526692389088371
    transform: -0.0025030598650299957
    transform: 0.0
    transform: -0.0012807822227881296
    transform: -0.0037202924272838555
    transform: 0.9999922594806188
    transform: 2.184
    transform: 0.0
    transform: 0.0
    transform: 0.0
    transform: 1.0
  }
}
stats {
  laser_object_counts {
    type: TYPE_VEHICLE
    count: 6
  }
  laser_object_counts {
    type: TYPE_SIGN
    count: 6
  }
  time_of_day: "Day"
  location: "location_phx"
  weather: "sunny"
  camera_object_counts {
    type: TYPE_VEHICLE
    count: 10
  }
  camera_object_counts {
    type: TYPE_PEDESTRIAN
    count: 4
  }
}



****** Printing points_all shape (3d points concatenated) ********

(165938, 3)


****** Printing cp_points_all shape (camera proj for points concatenated) ********

(165938, 6)


****** Printing points_all slice[0:2] (3d points concatenated) ********

[[-46.842773   10.449219    4.1116333]
 [-67.19141    27.495117    5.1240845]]


****** Printing points 0 shape (3d points) ********

(148457, 3)


****** Printing cp points 0 shape (camera proj for points) ********

(148457, 6)


****** Printing points 1 shape (3d points) ********

(4030, 3)


****** Printing cp points 1 shape (camera proj for points) ********

(4030, 6)


****** Printing points 2 shape (3d points) ********

(3736, 3)


****** Printing cp points 2 shape (camera proj for points) ********

(3736, 6)


****** Printing points 3 shape (3d points) ********

(5265, 3)


****** Printing cp points 3 shape (camera proj for points) ********

(5265, 6)


****** Printing points 4 shape (3d points) ********

(4450, 3)


****** Printing cp points 4 shape (camera proj for points) ********

(4450, 6)


****** Printing points_all ri2 shape (3d points concatenated diff ri index) ********

(10368, 3)


****** Printing cp_points_all ri2 shape (camera proj for points concatenated diff ri index) ********

(10368, 6)


****** Printing points_all ri2 slice[0:2] (3d points concatenated) ********

[[-53.015625   28.918945    4.654358 ]
 [-52.878906   29.00879     4.6517944]]


****** Printing points ri2 0 shape (3d points) ********

(9862, 3)


****** Printing cp points ri2 0 shape (camera proj for points) ********

(9862, 6)


****** Printing points ri2 1 shape (3d points) ********

(136, 3)


****** Printing cp points ri2 1 shape (camera proj for points) ********

(136, 6)


****** Printing points ri2 2 shape (3d points) ********

(8, 3)


****** Printing cp points ri2 2 shape (camera proj for points) ********

(8, 6)


****** Printing points ri2 3 shape (3d points) ********

(326, 3)


****** Printing cp points ri2 3 shape (camera proj for points) ********

(326, 6)


****** Printing points ri2 4 shape (3d points) ********

(36, 3)


****** Printing cp points ri2 4 shape (camera proj for points) ********

(36, 6)
